<?xml version="1.0" encoding="UTF-8"?>
<!-- Generated by org.testng.reporters.JUnitXMLReporter -->
<testsuite hostname="ajay" ignored="0" name="Test1" tests="1" failures="1" timestamp="19 Jan 2018 07:14:51 GMT" time="111.373" errors="0">
  <testcase name="f" time="87.826" classname="com.appium.test.TestCase3">
    <failure type="org.openqa.selenium.NoSuchElementException" message="An element could not be located on the page using the given search parameters. (WARNING: The server did not provide any stacktrace information)
Command duration or timeout: 0 milliseconds
For documentation on this error, please visit: http://seleniumhq.org/exceptions/no_such_element.html
Build info: version: &amp;apos;3.8.1&amp;apos;, revision: &amp;apos;6e95a6684b&amp;apos;, time: &amp;apos;2017-12-01T19:05:32.194Z&amp;apos;
System info: host: &amp;apos;ajay&amp;apos;, ip: &amp;apos;127.0.1.1&amp;apos;, os.name: &amp;apos;Linux&amp;apos;, os.arch: &amp;apos;amd64&amp;apos;, os.version: &amp;apos;3.16.0-30-generic&amp;apos;, java.version: &amp;apos;1.8.0_151&amp;apos;
Driver info: io.appium.java_client.android.AndroidDriver
Capabilities {appActivity: com.android.contacts.activi..., appPackage: com.android.contacts, browserName: , databaseEnabled: false, desired: {appActivity: com.android.contacts.activi..., appPackage: com.android.contacts, browserName: , deviceName: MauryaJi, platformName: android, platformVersion: 7.0 NRD90M, udid: 93ffd01a0803}, deviceManufacturer: Xiaomi, deviceModel: Redmi Note 4, deviceName: 93ffd01a0803, deviceScreenSize: 1080x1920, deviceUDID: 93ffd01a0803, javascriptEnabled: true, locationContextEnabled: false, networkConnectionEnabled: true, platform: LINUX, platformName: LINUX, platformVersion: 7.0, takesScreenshot: true, udid: 93ffd01a0803, warnings: {}, webStorageEnabled: false}
Session ID: 7cbcb989-7055-48b9-aeff-42a60344729b
*** Element info: {Using=xpath, value=//android.widget.Button[@content-desc=&amp;apos;End&amp;apos;]}">
      <![CDATA[org.openqa.selenium.NoSuchElementException: An element could not be located on the page using the given search parameters. (WARNING: The server did not provide any stacktrace information)Command duration or timeout: 0 millisecondsFor documentation on this error, please visit: http://seleniumhq.org/exceptions/no_such_element.htmlBuild info: version: '3.8.1', revision: '6e95a6684b', time: '2017-12-01T19:05:32.194Z'System info: host: 'ajay', ip: '127.0.1.1', os.name: 'Linux', os.arch: 'amd64', os.version: '3.16.0-30-generic', java.version: '1.8.0_151'Driver info: io.appium.java_client.android.AndroidDriverCapabilities {appActivity: com.android.contacts.activi..., appPackage: com.android.contacts, browserName: , databaseEnabled: false, desired: {appActivity: com.android.contacts.activi..., appPackage: com.android.contacts, browserName: , deviceName: MauryaJi, platformName: android, platformVersion: 7.0 NRD90M, udid: 93ffd01a0803}, deviceManufacturer: Xiaomi, deviceModel: Redmi Note 4, deviceName: 93ffd01a0803, deviceScreenSize: 1080x1920, deviceUDID: 93ffd01a0803, javascriptEnabled: true, locationContextEnabled: false, networkConnectionEnabled: true, platform: LINUX, platformName: LINUX, platformVersion: 7.0, takesScreenshot: true, udid: 93ffd01a0803, warnings: {}, webStorageEnabled: false}Session ID: 7cbcb989-7055-48b9-aeff-42a60344729b*** Element info: {Using=xpath, value=//android.widget.Button[@content-desc='End']}at org.openqa.selenium.remote.ErrorHandler.createThrowable(ErrorHandler.java:214)at org.openqa.selenium.remote.ErrorHandler.throwIfResponseFailed(ErrorHandler.java:166)at org.openqa.selenium.remote.http.JsonHttpResponseCodec.reconstructValue(JsonHttpResponseCodec.java:40)at org.openqa.selenium.remote.http.AbstractHttpResponseCodec.decode(AbstractHttpResponseCodec.java:80)at org.openqa.selenium.remote.http.AbstractHttpResponseCodec.decode(AbstractHttpResponseCodec.java:44)at org.openqa.selenium.remote.HttpCommandExecutor.execute(HttpCommandExecutor.java:164)at io.appium.java_client.remote.AppiumCommandExecutor.execute(AppiumCommandExecutor.java:89)at org.openqa.selenium.remote.RemoteWebDriver.execute(RemoteWebDriver.java:601)at io.appium.java_client.DefaultGenericMobileDriver.execute(DefaultGenericMobileDriver.java:42)at io.appium.java_client.AppiumDriver.execute(AppiumDriver.java:1)at io.appium.java_client.android.AndroidDriver.execute(AndroidDriver.java:1)at org.openqa.selenium.remote.RemoteWebDriver.findElement(RemoteWebDriver.java:371)at io.appium.java_client.DefaultGenericMobileDriver.findElement(DefaultGenericMobileDriver.java:62)at io.appium.java_client.AppiumDriver.findElement(AppiumDriver.java:1)at io.appium.java_client.android.AndroidDriver.findElement(AndroidDriver.java:1)at org.openqa.selenium.remote.RemoteWebDriver.findElementByXPath(RemoteWebDriver.java:473)at io.appium.java_client.DefaultGenericMobileDriver.findElementByXPath(DefaultGenericMobileDriver.java:140)at io.appium.java_client.AppiumDriver.findElementByXPath(AppiumDriver.java:1)at io.appium.java_client.android.AndroidDriver.findElementByXPath(AndroidDriver.java:1)at com.appium.test.TestCase3.f(TestCase3.java:51)... Removed 29 stack frames]]>
    </failure>
  </testcase> <!-- f -->
</testsuite> <!-- Test1 -->
